<?xml version="1.0" encoding="UTF-8"?>
<testsuite xmlns:xsi="http://www.w3.org/2001/XMLSchema-instance" xsi:noNamespaceSchemaLocation="https://maven.apache.org/surefire/maven-surefire-plugin/xsd/surefire-test-report-3.0.xsd" version="3.0" name="com.linsolve.test.SolvingLinearProblemMainSinglePhaseDoublePhaseTest" time="0.204" tests="18" errors="0" skipped="0" failures="0">
  <properties>
[...]
</properties>
  <testcase name="t_001" classname="com.linsolve.test.SolvingLinearProblemMainSinglePhaseDoublePhaseTest" time="0.003">
    <system-out><![CDATA[
MAXIMIZE

SinglePhase

c_vector


2.0|1.0|

b_vector


10.0|60.0|18.0|44.0|

Initial Matrix


0.0|1.0|
2.0|5.0|
1.0|1.0|
3.0|1.0|
Z Function : 31.0
Var x2 5.0 
Var x3 9.000000000000004 
Var x1 5.0 
Var x0 13.0 
Var x2 5.0 
Var x3 9.000000000000004 
Var x1 5.0 
Var x0 13.0 
]]></system-out>
  </testcase>
  <testcase name="t_002" classname="com.linsolve.test.SolvingLinearProblemMainSinglePhaseDoublePhaseTest" time="0.012">
    <system-out><![CDATA[Input does not match the required pattern.

MAXIMIZE

SinglePhase

c_vector


10.0|20.0|

b_vector


15.0|12.0|45.0|

Initial Matrix


-1.0|2.0|
1.0|1.0|
5.0|3.0|
Z Function : 210.0
Var x1 9.0 
Var x0 3.0 
Var x4 3.0 
Var x1 9.0 
Var x0 3.0 
Var x4 3.0 
]]></system-out>
  </testcase>
  <testcase name="t_003" classname="com.linsolve.test.SolvingLinearProblemMainSinglePhaseDoublePhaseTest" time="0.005">
    <system-out><![CDATA[Input does not match the required pattern.
Input does not match the required pattern.
Input does not match the required pattern.
Input does not match the required pattern.

MINIMIZE

SinglePhase

c_vector


3.0|-6.0|

b_vector


1.0|0.0|1.0|13.0|23.0|

Initial Matrix


-1.0|-2.0|
-2.0|-1.0|
-1.0|1.0|
-1.0|4.0|
4.0|-1.0|
Z Function : -15.0
Var x2 12.0 
Var x3 10.0 
Var x1 4.0 
Var x0 3.0 
Var x6 15.0 
Var x2 12.0 
Var x3 10.0 
Var x1 4.0 
Var x0 3.0 
Var x6 15.0 
]]></system-out>
  </testcase>
  <testcase name="t_004" classname="com.linsolve.test.SolvingLinearProblemMainSinglePhaseDoublePhaseTest" time="0.002">
    <system-out><![CDATA[
MAXIMIZE

SinglePhase

c_vector


500.0|300.0|

b_vector


300.0|240.0|450.0|

Initial Matrix


15.0|5.0|
10.0|6.0|
8.0|12.0|
Z Function : 12000.0
Var x0 15.0 
Var x1 14.999999999999998 
Var x4 150.0 
Var x0 15.0 
Var x1 14.999999999999998 
Var x4 150.0 
]]></system-out>
  </testcase>
  <testcase name="t_005" classname="com.linsolve.test.SolvingLinearProblemMainSinglePhaseDoublePhaseTest" time="0.012">
    <system-out><![CDATA[Input does not match the required pattern.

MAXIMIZE

DoublePhase

c_vector


5.0|7.0|

b_vector


-1.0|-1.0|

Initial Matrix


-2.0|1.0|
1.0|-2.0|
Z Function : 0.0
Var x4 1.0 
Var x5 1.0 
Var x4 1.0 
Var x5 1.0 
]]></system-out>
  </testcase>
  <testcase name="t_006" classname="com.linsolve.test.SolvingLinearProblemMainSinglePhaseDoublePhaseTest" time="0.01">
    <system-out><![CDATA[
MAXIMIZE

DoublePhase

c_vector


15.0|20.0|

b_vector


-10.0|6.0|-6.0|

Initial Matrix


1.0|2.0|
2.0|-3.0|
1.0|1.0|
Z Function : 110.0
Var x1 4.0 
Var x5 14.0 
Var x0 2.0 
Var x1 4.0 
Var x5 14.0 
Var x0 2.0 
]]></system-out>
  </testcase>
  <testcase name="t_007" classname="com.linsolve.test.SolvingLinearProblemMainSinglePhaseDoublePhaseTest" time="0.01">
    <system-out><![CDATA[
MINIMIZE

DoublePhase

c_vector


3.0|2.0|

b_vector


-12.0|-8.0|12.0|12.0|

Initial Matrix


2.0|3.0|
2.0|1.0|
1.0|2.0|
2.0|3.0|

|2.0|3.0|-1.0|0.0|1.0|0.0|0.0|0.0|12.0|
|2.0|1.0|0.0|-1.0|0.0|1.0|0.0|0.0|8.0|
|1.0|2.0|0.0|0.0|0.0|0.0|1.0|0.0|12.0|
|2.0|3.0|0.0|0.0|0.0|0.0|0.0|1.0|12.0|
Z Function : 13.0
Var x1 2.0 
Var x0 3.0 
Var x4 5.0 
Var x7 0.0 
Var x1 2.0 
Var x0 3.0 
Var x4 5.0 
Var x7 0.0 
]]></system-out>
  </testcase>
  <testcase name="t_008" classname="com.linsolve.test.SolvingLinearProblemMainSinglePhaseDoublePhaseTest" time="0.003">
    <system-out><![CDATA[
MINIMIZE

DoublePhase

c_vector


40.0|50.0|

b_vector


-30.0|-12.0|-20.0|

Initial Matrix


2.0|3.0|
1.0|1.0|
2.0|1.0|

|2.0|3.0|-1.0|0.0|0.0|1.0|0.0|0.0|30.0|
|1.0|1.0|0.0|-1.0|0.0|0.0|1.0|0.0|12.0|
|2.0|1.0|0.0|0.0|-1.0|0.0|0.0|1.0|20.0|
Z Function : 550.0
Var x3 0.5 
Var x1 5.0 
Var x0 7.5 
Var x3 0.5 
Var x1 5.0 
Var x0 7.5 
]]></system-out>
  </testcase>
  <testcase name="t_009" classname="com.linsolve.test.SolvingLinearProblemMainSinglePhaseDoublePhaseTest" time="0.002">
    <system-out><![CDATA[
MAXIMIZE

SinglePhase

c_vector


1.0|2.0|

b_vector


2.0|2.0|3.0|

Initial Matrix


1.0|0.0|
0.0|1.0|
1.0|1.0|
Z Function : 5.0
Var x2 1.0 
Var x1 2.0 
Var x0 1.0 
Var x2 1.0 
Var x1 2.0 
Var x0 1.0 
]]></system-out>
  </testcase>
  <testcase name="t_010" classname="com.linsolve.test.SolvingLinearProblemMainSinglePhaseDoublePhaseTest" time="0.004">
    <system-out><![CDATA[
MAXIMIZE

SinglePhase

c_vector


3.0|2.0|

b_vector


6.0|6.0|

Initial Matrix


2.0|1.0|
1.0|2.0|
Z Function : 10.0
Var x0 2.0 
Var x1 2.0 
Var x0 2.0 
Var x1 2.0 
]]></system-out>
  </testcase>
  <testcase name="t_011" classname="com.linsolve.test.SolvingLinearProblemMainSinglePhaseDoublePhaseTest" time="0.001">
    <system-out><![CDATA[
MAXIMIZE

SinglePhase

c_vector


1.0|2.0|

b_vector


8.0|4.0|

Initial Matrix


1.0|3.0|
1.0|1.0|
Z Function : 6.0
Var x1 2.0 
Var x0 2.0 
Var x1 2.0 
Var x0 2.0 
]]></system-out>
  </testcase>
  <testcase name="t_012" classname="com.linsolve.test.SolvingLinearProblemMainSinglePhaseDoublePhaseTest" time="0.01">
    <system-out><![CDATA[
MAXIMIZE

SinglePhase

c_vector


3.0|2.0|

b_vector


4.0|15.0|10.0|

Initial Matrix


1.0|0.0|
1.0|3.0|
2.0|1.0|
Z Function : 17.0
Var x0 3.0 
Var x2 1.0 
Var x1 4.0 
Var x0 3.0 
Var x2 1.0 
Var x1 4.0 
]]></system-out>
  </testcase>
  <testcase name="t_013" classname="com.linsolve.test.SolvingLinearProblemMainSinglePhaseDoublePhaseTest" time="0.005">
    <system-out><![CDATA[Input does not match the required pattern.
Input does not match the required pattern.

MAXIMIZE

SinglePhase

c_vector


2.0|3.0|

b_vector


1.0|20.0|10.0|5.0|

Initial Matrix


-3.0|1.0|
4.0|2.0|
4.0|-1.0|
-1.0|2.0|
Z Function : 18.000000000000004
Var x1 4.000000000000001 
Var x2 6.0 
Var x4 2.0000000000000018 
Var x0 3.0000000000000004 
Var x1 4.000000000000001 
Var x2 6.0 
Var x4 2.0000000000000018 
Var x0 3.0000000000000004 
]]></system-out>
  </testcase>
  <testcase name="t_014" classname="com.linsolve.test.SolvingLinearProblemMainSinglePhaseDoublePhaseTest" time="0.005">
    <system-out><![CDATA[
MINIMIZE

DoublePhase

c_vector


5.0|7.0|

b_vector


-42.0|-60.0|-18.0|

Initial Matrix


2.0|3.0|
3.0|4.0|
1.0|1.0|

|2.0|3.0|-1.0|0.0|0.0|1.0|0.0|0.0|42.0|
|3.0|4.0|0.0|-1.0|0.0|0.0|1.0|0.0|60.0|
|1.0|1.0|0.0|0.0|-1.0|0.0|0.0|1.0|18.0|
Z Function : 102.0
Var x1 6.000000000000001 
Var x0 11.999999999999998 
Var x3 1.3322676295501882E-15 
Var x1 6.000000000000001 
Var x0 11.999999999999998 
Var x3 1.3322676295501882E-15 
]]></system-out>
  </testcase>
  <testcase name="t_015" classname="com.linsolve.test.SolvingLinearProblemMainSinglePhaseDoublePhaseTest" time="0.006">
    <system-out><![CDATA[
MINIMIZE

DoublePhase

c_vector


3.0|2.0|4.0|

b_vector


-120.0|-60.0|60.0|

Initial Matrix


3.0|3.0|5.0|
2.0|1.0|3.0|
2.0|1.0|3.0|

|3.0|3.0|5.0|-1.0|0.0|1.0|0.0|0.0|120.0|
|2.0|1.0|3.0|0.0|-1.0|0.0|1.0|0.0|60.0|
|2.0|1.0|3.0|0.0|0.0|0.0|0.0|1.0|60.0|
Z Function : 90.0
Var x1 14.999999999999998 
Var x2 15.0 
Var x5 0.0 
Var x1 14.999999999999998 
Var x2 15.0 
Var x5 0.0 
]]></system-out>
  </testcase>
  <testcase name="t_016" classname="com.linsolve.test.SolvingLinearProblemMainSinglePhaseDoublePhaseTest" time="0.004">
    <system-out><![CDATA[Input does not match the required pattern.
Input does not match the required pattern.

MINIMIZE

DoublePhase

c_vector


3.0|2.0|7.0|

b_vector


-10.0|-10.0|10.0|

Initial Matrix


-1.0|1.0|0.0|
2.0|-1.0|1.0|
-1.0|1.0|0.0|

|-1.0|1.0|0.0|-1.0|0.0|1.0|0.0|0.0|10.0|
|2.0|-1.0|1.0|0.0|-1.0|0.0|1.0|0.0|10.0|
|-1.0|1.0|0.0|0.0|0.0|0.0|0.0|1.0|10.0|
Z Function : 120.0
Var x1 30.0 
Var x0 20.0 
Var x7 0.0 
Var x1 30.0 
Var x0 20.0 
Var x7 0.0 
]]></system-out>
  </testcase>
  <testcase name="t_017" classname="com.linsolve.test.SolvingLinearProblemMainSinglePhaseDoublePhaseTest" time="0.003">
    <system-out><![CDATA[
MINIMIZE

DoublePhase

c_vector


3.0|2.0|1.0|

b_vector


-10.0|-7.0|7.0|

Initial Matrix


3.0|1.0|1.0|
1.0|1.0|0.0|
1.0|1.0|0.0|

|3.0|1.0|1.0|-1.0|0.0|1.0|0.0|0.0|10.0|
|1.0|1.0|0.0|0.0|-1.0|0.0|1.0|0.0|7.0|
|1.0|1.0|0.0|0.0|0.0|0.0|0.0|1.0|7.0|
Z Function : 15.5
Var x0 1.5000000000000004 
Var x1 5.499999999999999 
Var x7 0.0 
Var x0 1.5000000000000004 
Var x1 5.499999999999999 
Var x7 0.0 
]]></system-out>
  </testcase>
  <testcase name="t_018" classname="com.linsolve.test.SolvingLinearProblemMainSinglePhaseDoublePhaseTest" time="0.003">
    <system-out><![CDATA[Input does not match the required pattern.

MINIMIZE

DoublePhase

c_vector


2.0|3.0|1.0|

b_vector


-8.0|-6.0|

Initial Matrix


-1.0|4.0|2.0|
3.0|2.0|0.0|

|-1.0|4.0|2.0|-1.0|0.0|1.0|0.0|8.0|
|3.0|2.0|0.0|0.0|-1.0|0.0|1.0|6.0|
Z Function : 7.571428571428571
Var x1 2.142857142857143 
Var x0 0.5714285714285714 
Var x1 2.142857142857143 
Var x0 0.5714285714285714 
]]></system-out>
  </testcase>
</testsuite>