<?xml version="1.0" encoding="UTF-8"?>
<testsuite xmlns:xsi="http://www.w3.org/2001/XMLSchema-instance" xsi:noNamespaceSchemaLocation="https://maven.apache.org/surefire/maven-surefire-plugin/xsd/surefire-test-report-3.0.xsd" version="3.0" name="com.linsolve.test.SolvingLexicalLinearProblemMainTest" time="0.607" tests="35" errors="0" skipped="0" failures="0">
  <properties>
[...]
</properties>
  <testcase name="t_001" classname="com.linsolve.test.SolvingLexicalLinearProblemMainTest" time="0.233">
    <system-out><![CDATA[
MAXIMIZE

SinglePhase

c_vector


7.0|4.0|

b_vector


20.0|50.0|60.0|25.0|

Initial Matrix


0.0|1.0|
1.0|3.0|
4.0|2.0|
1.0|0.0|
Z Function : 112.0
Var x2 6.0 
Var x1 14.0 
Var x0 8.0 
Var x5 17.0 
Var x2 6.0 
Var x1 14.0 
Var x0 8.0 
Var x5 17.0 
]]></system-out>
  </testcase>
  <testcase name="t_002" classname="com.linsolve.test.SolvingLexicalLinearProblemMainTest" time="0.011">
    <system-out><![CDATA[
MAXIMIZE

SinglePhase

c_vector


2.0|1.0|

b_vector


10.0|60.0|18.0|44.0|

Initial Matrix


0.0|1.0|
2.0|5.0|
1.0|1.0|
3.0|1.0|
Z Function : 31.0
Var x2 5.0 
Var x3 9.000000000000004 
Var x1 5.0 
Var x0 13.0 
Var x2 5.0 
Var x3 9.000000000000004 
Var x1 5.0 
Var x0 13.0 
]]></system-out>
  </testcase>
  <testcase name="t_003" classname="com.linsolve.test.SolvingLexicalLinearProblemMainTest" time="0.009">
    <system-out><![CDATA[
MAXIMIZE

SinglePhase

c_vector


4.0|3.0|

b_vector


12.0|30.0|50.0|20.0|

Initial Matrix


1.0|0.0|
3.0|1.0|
2.0|5.0|
1.0|1.0|
Z Function : 51.53846153846154
Var x2 4.3076923076923075 
Var x0 7.6923076923076925 
Var x1 6.923076923076923 
Var x5 5.384615384615384 
Var x2 4.3076923076923075 
Var x0 7.6923076923076925 
Var x1 6.923076923076923 
Var x5 5.384615384615384 
]]></system-out>
  </testcase>
  <testcase name="t_004" classname="com.linsolve.test.SolvingLexicalLinearProblemMainTest" time="0.014">
    <system-out><![CDATA[
MAXIMIZE

SinglePhase

c_vector


3.0|4.0|

b_vector


20.0|50.0|60.0|30.0|

Initial Matrix


0.0|1.0|
1.0|3.0|
4.0|2.0|
2.0|1.0|
Z Function : 80.0
Var x2 5.999999999999998 
Var x1 14.000000000000002 
Var x4 0.0 
Var x0 7.999999999999999 
Var x2 5.999999999999998 
Var x1 14.000000000000002 
Var x4 0.0 
Var x0 7.999999999999999 
]]></system-out>
  </testcase>
  <testcase name="t_005" classname="com.linsolve.test.SolvingLexicalLinearProblemMainTest" time="0.017">
    <system-out><![CDATA[
MINIMIZE

SinglePhase

c_vector


3.0|5.0|

b_vector


10.0|50.0|25.0|15.0|

Initial Matrix


1.0|0.0|
2.0|4.0|
3.0|1.0|
0.0|1.0|
Z Function : 0.0
Var x2 10.0 
Var x3 50.0 
Var x4 25.0 
Var x5 15.0 
Var x2 10.0 
Var x3 50.0 
Var x4 25.0 
Var x5 15.0 
]]></system-out>
  </testcase>
  <testcase name="t_006" classname="com.linsolve.test.SolvingLexicalLinearProblemMainTest" time="0.011">
    <system-out><![CDATA[
MAXIMIZE

SinglePhase

c_vector


2.0|3.0|

b_vector


12.0|35.0|60.0|10.0|

Initial Matrix


1.0|0.0|
3.0|1.0|
2.0|5.0|
0.0|1.0|
Z Function : 43.07692307692308
Var x2 3.1538461538461537 
Var x5 1.5384615384615385 
Var x0 8.846153846153847 
Var x1 8.461538461538462 
Var x2 3.1538461538461537 
Var x5 1.5384615384615385 
Var x0 8.846153846153847 
Var x1 8.461538461538462 
]]></system-out>
  </testcase>
  <testcase name="t_007" classname="com.linsolve.test.SolvingLexicalLinearProblemMainTest" time="0.017">
    <system-out><![CDATA[
MINIMIZE

SinglePhase

c_vector


1.0|1.0|

b_vector


20.0|25.0|40.0|15.0|

Initial Matrix


1.0|2.0|
3.0|1.0|
1.0|4.0|
0.0|1.0|
Z Function : 0.0
Var x2 20.0 
Var x3 25.0 
Var x4 40.0 
Var x5 15.0 
Var x2 20.0 
Var x3 25.0 
Var x4 40.0 
Var x5 15.0 
]]></system-out>
  </testcase>
  <testcase name="t_008" classname="com.linsolve.test.SolvingLexicalLinearProblemMainTest" time="0.009">
    <system-out><![CDATA[
MAXIMIZE

SinglePhase

c_vector


6.0|2.0|

b_vector


15.0|10.0|45.0|30.0|

Initial Matrix


1.0|0.0|
0.0|1.0|
3.0|2.0|
2.0|1.0|
Z Function : 90.0
Var x2 0.0 
Var x3 10.0 
Var x4 0.0 
Var x0 15.0 
Var x2 0.0 
Var x3 10.0 
Var x4 0.0 
Var x0 15.0 
]]></system-out>
  </testcase>
  <testcase name="t_009" classname="com.linsolve.test.SolvingLexicalLinearProblemMainTest" time="0.042">
    <system-out><![CDATA[
MAXIMIZE

SinglePhase

c_vector


7.0|4.0|

b_vector


20.0|50.0|60.0|25.0|

Initial Matrix


0.0|1.0|
1.0|3.0|
4.0|2.0|
1.0|0.0|
Z Function : 112.0
Var x2 6.0 
Var x1 14.0 
Var x0 8.0 
Var x5 17.0 
Var x2 6.0 
Var x1 14.0 
Var x0 8.0 
Var x5 17.0 
]]></system-out>
  </testcase>
  <testcase name="t_010" classname="com.linsolve.test.SolvingLexicalLinearProblemMainTest" time="0.005">
    <system-out><![CDATA[
MINIMIZE

SinglePhase

c_vector


4.0|6.0|

b_vector


30.0|50.0|80.0|20.0|

Initial Matrix


1.0|1.0|
3.0|1.0|
2.0|4.0|
1.0|0.0|
Z Function : 0.0
Var x2 30.0 
Var x3 50.0 
Var x4 80.0 
Var x5 20.0 
Var x2 30.0 
Var x3 50.0 
Var x4 80.0 
Var x5 20.0 
]]></system-out>
  </testcase>
  <testcase name="t_011" classname="com.linsolve.test.SolvingLexicalLinearProblemMainTest" time="0.004">
    <system-out><![CDATA[
MAXIMIZE

SinglePhase

c_vector


5.0|3.0|

b_vector


18.0|14.0|45.0|65.0|

Initial Matrix


1.0|0.0|
0.0|1.0|
3.0|1.0|
2.0|5.0|
Z Function : 85.76923076923077
Var x2 5.692307692307692 
Var x3 5.923076923076923 
Var x0 12.307692307692308 
Var x1 8.076923076923077 
Var x2 5.692307692307692 
Var x3 5.923076923076923 
Var x0 12.307692307692308 
Var x1 8.076923076923077 
]]></system-out>
  </testcase>
  <testcase name="t_012" classname="com.linsolve.test.SolvingLexicalLinearProblemMainTest" time="0.004">
    <system-out><![CDATA[
MINIMIZE

SinglePhase

c_vector


3.0|1.0|

b_vector


12.0|50.0|20.0|35.0|

Initial Matrix


0.0|1.0|
2.0|5.0|
1.0|1.0|
3.0|1.0|
Z Function : 0.0
Var x2 12.0 
Var x3 50.0 
Var x4 20.0 
Var x5 35.0 
Var x2 12.0 
Var x3 50.0 
Var x4 20.0 
Var x5 35.0 
]]></system-out>
  </testcase>
  <testcase name="t_013" classname="com.linsolve.test.SolvingLexicalLinearProblemMainTest" time="0.004">
    <system-out><![CDATA[Error : Objective Function Extremum not recognized !
Error : Objective Function Variable not recognized !
Input does not match the required pattern.
Error: Error : Objective Function Expression Malformation !
]]></system-out>
  </testcase>
  <testcase name="t_014" classname="com.linsolve.test.SolvingLexicalLinearProblemMainTest" time="0.002">
    <system-out><![CDATA[Error : Objective Function Extremum not recognized !
Error : Objective Function Variable not recognized !
Input does not match the required pattern.
Error: Error : Objective Function Expression Malformation !
]]></system-out>
  </testcase>
  <testcase name="t_015" classname="com.linsolve.test.SolvingLexicalLinearProblemMainTest" time="0.001">
    <system-out><![CDATA[Input does not match the required pattern.
Error: Error : Objective Function Expression Malformation !
]]></system-out>
  </testcase>
  <testcase name="t_016" classname="com.linsolve.test.SolvingLexicalLinearProblemMainTest" time="0.001">
    <system-out><![CDATA[Input does not match the required pattern.
Error: Error : Objective Function Expression Malformation !
]]></system-out>
  </testcase>
  <testcase name="t_017" classname="com.linsolve.test.SolvingLexicalLinearProblemMainTest" time="0.009">
    <system-out><![CDATA[Error : Objective Function Variable not recognized !
Input does not match the required pattern.
Error: Error : Objective Function Expression Malformation !
Input does not match the required pattern.
Error: Error : Objective Function Expression Malformation !
]]></system-out>
  </testcase>
  <testcase name="t_018" classname="com.linsolve.test.SolvingLexicalLinearProblemMainTest" time="0.001">
    <system-out><![CDATA[Input does not match the required pattern.
Error: Error : Objective Function Expression Malformation !
]]></system-out>
  </testcase>
  <testcase name="t_019" classname="com.linsolve.test.SolvingLexicalLinearProblemMainTest" time="0.003">
    <system-out><![CDATA[Input does not match the required pattern.
Error: Error : Objective Function Expression Malformation !
]]></system-out>
  </testcase>
  <testcase name="t_020" classname="com.linsolve.test.SolvingLexicalLinearProblemMainTest" time="0.001">
    <system-out><![CDATA[Error : Objective Function Variable not recognized !
Input does not match the required pattern.
Error: Error : Objective Function Expression Malformation !
]]></system-out>
  </testcase>
  <testcase name="t_021" classname="com.linsolve.test.SolvingLexicalLinearProblemMainTest" time="0.002">
    <system-out><![CDATA[Input does not match the required pattern.
Error: Error : Objective Function Expression Malformation !
]]></system-out>
  </testcase>
  <testcase name="t_022" classname="com.linsolve.test.SolvingLexicalLinearProblemMainTest" time="0.002">
    <system-out><![CDATA[Input does not match the required pattern.
Error: Error : Objective Function Expression Malformation !
]]></system-out>
  </testcase>
  <testcase name="t_023" classname="com.linsolve.test.SolvingLexicalLinearProblemMainTest" time="0.007">
    <system-out><![CDATA[Input does not match the required pattern.
2x+5x2<=60	2x	Error : Constraint Malformation !
]]></system-out>
  </testcase>
  <testcase name="t_024" classname="com.linsolve.test.SolvingLexicalLinearProblemMainTest" time="0.003">
    <system-out><![CDATA[Input does not match the required pattern.
2x15x2<=60	2x15x2	Error : Constraint Malformation !
]]></system-out>
  </testcase>
  <testcase name="t_025" classname="com.linsolve.test.SolvingLexicalLinearProblemMainTest" time="0.002">
    <system-out><![CDATA[Input does not match the required pattern.
2x1++5x2<=60		Error : Constraint Malformation !
]]></system-out>
  </testcase>
  <testcase name="t_026" classname="com.linsolve.test.SolvingLexicalLinearProblemMainTest" time="0.002">
    <system-out><![CDATA[2x15x260 Error: Constraint Malformation could not Recognize Comparing Operator !
]]></system-out>
  </testcase>
  <testcase name="t_027" classname="com.linsolve.test.SolvingLexicalLinearProblemMainTest" time="0.002">
    <system-out><![CDATA[2x1+5x2=>60 Error: Constraint Malformation could not Recognize Comparing Operator !
]]></system-out>
  </testcase>
  <testcase name="t_028" classname="com.linsolve.test.SolvingLexicalLinearProblemMainTest" time="0.009">
    <system-out><![CDATA[2x1+5x2==60 Error : Constraint Malformation Comparing Operator Redunduncy or = Symbol Redunduncy
]]></system-out>
  </testcase>
  <testcase name="t_029" classname="com.linsolve.test.SolvingLexicalLinearProblemMainTest" time="0.003">
    <system-out><![CDATA[x1+5x2<= Error : Constraint Malformation Right Member does not exist or does not match Double Format Number !
]]></system-out>
  </testcase>
  <testcase name="t_030" classname="com.linsolve.test.SolvingLexicalLinearProblemMainTest" time="0.005">
    <system-out><![CDATA[Invalid number format: 'sixty' is not a valid number.
]]></system-out>
  </testcase>
  <testcase name="t_031" classname="com.linsolve.test.SolvingLexicalLinearProblemMainTest" time="0.002">
    <system-out><![CDATA[2x1+5x2â‰¤60# Error: Constraint Malformation could not Recognize Comparing Operator !
x1+x2â‰¤18 Error: Constraint Malformation could not Recognize Comparing Operator !
3x1+x2â‰¤44 Error: Constraint Malformation could not Recognize Comparing Operator !
]]></system-out>
  </testcase>
  <testcase name="t_032" classname="com.linsolve.test.SolvingLexicalLinearProblemMainTest" time="0.002">
    <system-out><![CDATA[2x1+5x2â‰¤@60 Error: Constraint Malformation could not Recognize Comparing Operator !
x1+x2â‰¤18 Error: Constraint Malformation could not Recognize Comparing Operator !
3x1+x2â‰¤44 Error: Constraint Malformation could not Recognize Comparing Operator !
]]></system-out>
  </testcase>
  <testcase name="t_033" classname="com.linsolve.test.SolvingLexicalLinearProblemMainTest" time="0.002">
    <system-out><![CDATA[Invalid number format: '--60' is not a valid number.
]]></system-out>
  </testcase>
  <testcase name="t_034" classname="com.linsolve.test.SolvingLexicalLinearProblemMainTest" time="0.001">
    <system-out><![CDATA[Input does not match the required pattern.
(2x1+5x2<=60	(2x1	Error : Constraint Malformation !
]]></system-out>
  </testcase>
  <testcase name="t_035" classname="com.linsolve.test.SolvingLexicalLinearProblemMainTest" time="0.001">
    <system-out><![CDATA[Input does not match the required pattern.
2x1+bx2<=60	bx2	Error : Constraint Malformation !
]]></system-out>
  </testcase>
</testsuite>